<?xml version="1.0" encoding="UTF-8"?>
<!-- Generated by org.testng.reporters.JUnitXMLReporter -->
<testsuite ignored="1" hostname="Legion-5" failures="0" tests="1" name="Default test" time="3.704" errors="0" timestamp="10 Apr 2022 04:47:04 GMT">
  <testcase classname="qaautomation.march2022.GraphQLTest" name="launchRocketWithVariable" time="3.569"/>
  <testcase classname="qaautomation.march2022.GraphQLTest" name="checkCEO" time="0.0">
    <ignored/>
  </testcase> <!-- checkCEO -->
</testsuite> <!-- Default test -->
