<?xml version="1.0" encoding="UTF-8"?>
<!-- Generated by org.testng.reporters.JUnitXMLReporter -->
<testsuite ignored="0" hostname="Legion-5" failures="0" tests="10" name="Test" time="67.318" errors="0" timestamp="03 Apr 2022 04:19:46 GMT">
  <testcase classname="qaautomation.march2022.AppTestAfterRefactor" name="test" time="3.4"/>
  <testcase classname="qaautomation.march2022.AppTest" name="test" time="0.911"/>
  <testcase classname="qaautomation.march2022.AppTestAfterPOM" name="loginInvalidUsername" time="2.804"/>
  <testcase classname="qaautomation.march2022.AppTestAfterPOM" name="loginInvalidPassword" time="1.108"/>
  <testcase classname="qaautomation.march2022.AppTestAfterPOM" name="loginToWebNotClickingLoginButton" time="0.306"/>
  <testcase classname="qaautomation.march2022.AppTestAfterPOM" name="loginToWebAndSuccess" time="1.026"/>
  <testcase classname="qaautomation.march2022.AppTestAfterPageFactory" name="loginInvalidUsername" time="1.39"/>
  <testcase classname="qaautomation.march2022.AppTestAfterPageFactory" name="loginInvalidPassword" time="3.789"/>
  <testcase classname="qaautomation.march2022.AppTestAfterPageFactory" name="loginToWebAndSuccess" time="0.81"/>
  <testcase classname="qaautomation.march2022.AppTestAfterPageFactory" name="loginToWebNotClickingLoginButton" time="0.153"/>
</testsuite> <!-- Test -->
