<?xml version="1.0" encoding="UTF-8"?>
<testng-results ignored="1" total="2" passed="1" failed="0" skipped="0">
  <reporter-output>
  </reporter-output>
  <suite started-at="2022-04-10T04:47:00Z" name="Default suite" finished-at="2022-04-10T04:47:04Z" duration-ms="3704">
    <groups>
    </groups>
    <test started-at="2022-04-10T04:47:00Z" name="Default test" finished-at="2022-04-10T04:47:04Z" duration-ms="3704">
      <class name="qaautomation.march2022.GraphQLTest">
        <test-method signature="launchRocketWithVariable()[pri:0, instance:qaautomation.march2022.GraphQLTest@6ce86ce1]" started-at="2022-04-10T04:47:00Z" name="launchRocketWithVariable" finished-at="2022-04-10T04:47:04Z" duration-ms="3569" status="PASS">
          <reporter-output>
          </reporter-output>
        </test-method> <!-- launchRocketWithVariable -->
      </class> <!-- qaautomation.march2022.GraphQLTest -->
    </test> <!-- Default test -->
  </suite> <!-- Default suite -->
</testng-results>
